







mehlaab  200  2021-12-16 10:42:02.786362+00:00  tickpick  YouTube  
 




0:00:59.448411




0:01:58.877114




0:02:59.325789


https://www.youtube.com/


0:03:58.733546
Adding
200
mehlaab  200  2021-12-16 10:46:03.598887+00:00  tickpick  YouTube  
 
https://www.mmmmmmm.com


https://www.youtube.com/


0:00:58.421285
https://www.mmmmmmm.com


https://www.youtube.com/
https://www.youtube.com/


0:01:57.861524
https://www.mmmmmmm.com
https://www.mmmmmmm.com


https://www.youtube.com/
https://www.youtube.com/


0:02:58.270473
https://www.mmmmmmm.com
https://www.mmmmmmm.com


https://www.youtube.com/
https://www.youtube.com/


0:03:58.690179
Adding
200
mehlaab  200  2021-12-16 10:50:04.562908+00:00  tickpick  YouTube  
 
https://www.mmmmmmm.com
https://www.mmmmmmm.com


https://www.youtube.com/
https://www.youtube.com/


0:00:57.425847
https://www.mmmmmmm.com
https://www.mmmmmmm.com


https://www.youtube.com/
https://www.youtube.com/


0:01:56.870058
https://www.mmmmmmm.com
https://www.mmmmmmm.com


<QuerySet [<webData: tickpick  YouTube>]>
https://www.youtube.com/
https://www.youtube.com/


0:02:57.328465
<QuerySet [<webData: abdul  Featured>]>
https://www.mmmmmmm.com
https://www.mmmmmmm.com


